/home/achew22/Desktop/Now/CS480/unccs480-snippets/GUIButton.cpp:51: Warning: no matching class member found for
  GUIButton::GUIButton(int setX, int setY, int setWidth, int setHeight, Point3 setTextColor, Point3 setColor, std::string setText, bool(*setCallback)(void))
Possible candidates:
  GUIButton::GUIButton()
  GUIButton::GUIButton(int setX, int setY, int setWidth, int setHeight, Point3 setTextColor, Point3 setColor, std::string setText, bool(*setCallback)())
/home/achew22/Desktop/Now/CS480/unccs480-snippets/SDLLoader.h:80: Warning: argument `the' of command @param is not found in the argument list of DispatchKey< T >::DispatchKey(T *object, bool(T::*key)(SDL_Event a))
/home/achew22/Desktop/Now/CS480/unccs480-snippets/SDLLoader.h:80: Warning: argument `static' of command @param is not found in the argument list of DispatchKey< T >::DispatchKey(T *object, bool(T::*key)(SDL_Event a))
/home/achew22/Desktop/Now/CS480/unccs480-snippets/SDLLoader.h:80: Warning: The following parameters of DispatchKey::DispatchKey(T *object, bool(T::*key)(SDL_Event a)) are not documented:
  parameter object
  parameter key
/home/achew22/Desktop/Now/CS480/unccs480-snippets/SDLLoader.h:106: Warning: argument `the' of command @param is not found in the argument list of DispatchMouse< T >::DispatchMouse(T *object, bool(T::*mouse)(SDL_Event a))
/home/achew22/Desktop/Now/CS480/unccs480-snippets/SDLLoader.h:106: Warning: argument `static' of command @param is not found in the argument list of DispatchMouse< T >::DispatchMouse(T *object, bool(T::*mouse)(SDL_Event a))
/home/achew22/Desktop/Now/CS480/unccs480-snippets/SDLLoader.h:106: Warning: The following parameters of DispatchMouse::DispatchMouse(T *object, bool(T::*mouse)(SDL_Event a)) are not documented:
  parameter object
  parameter mouse
/home/achew22/Desktop/Now/CS480/unccs480-snippets/error.cpp:38: Warning: Found unknown command `\color'
/home/achew22/Desktop/Now/CS480/unccs480-snippets/error.cpp:60: Warning: Found unknown command `\color'
/home/achew22/Desktop/Now/CS480/unccs480-snippets/error.cpp:82: Warning: Found unknown command `\color'
/home/achew22/Desktop/Now/CS480/unccs480-snippets/error.cpp:104: Warning: Found unknown command `\color'
/home/achew22/Desktop/Now/CS480/unccs480-snippets/SDLLoader.cpp:30: Warning: argument `int' of command @param is not found in the argument list of SDLLoader::SDLLoader(int setWidth, int setHeight)
/home/achew22/Desktop/Now/CS480/unccs480-snippets/SDLLoader.cpp:30: Warning: argument `int' of command @param is not found in the argument list of SDLLoader::SDLLoader(int setWidth, int setHeight)
/home/achew22/Desktop/Now/CS480/unccs480-snippets/SDLLoader.cpp:30: Warning: The following parameters of SDLLoader::SDLLoader(int setWidth, int setHeight) are not documented:
  parameter setWidth
  parameter setHeight
/home/achew22/Desktop/Now/CS480/unccs480-snippets/SDLLoader.cpp:44: Warning: argument `SDL_Event' of command @param is not found in the argument list of SDLLoader::dispatchKey(SDL_Event event)
/home/achew22/Desktop/Now/CS480/unccs480-snippets/SDLLoader.cpp:44: Warning: The following parameters of SDLLoader::dispatchKey(SDL_Event event) are not documented:
  parameter event
/home/achew22/Desktop/Now/CS480/unccs480-snippets/SDLLoader.cpp:99: Warning: argument `SDL_Event' of command @param is not found in the argument list of SDLLoader::dispatchMouse(SDL_Event event)
/home/achew22/Desktop/Now/CS480/unccs480-snippets/SDLLoader.cpp:99: Warning: The following parameters of SDLLoader::dispatchMouse(SDL_Event event) are not documented:
  parameter event
/home/achew22/Desktop/Now/CS480/unccs480-snippets/SDLLoader.cpp:322: Warning: argument `int' of command @param is not found in the argument list of SDLLoader::addKeyPressHandler(int pointerToKeyPressHandlerToAdd)
/home/achew22/Desktop/Now/CS480/unccs480-snippets/SDLLoader.cpp:322: Warning: The following parameters of SDLLoader::addKeyPressHandler(int pointerToKeyPressHandlerToAdd) are not documented:
  parameter pointerToKeyPressHandlerToAdd
/home/achew22/Desktop/Now/CS480/unccs480-snippets/SDLLoader.cpp:331: Warning: argument `int' of command @param is not found in the argument list of SDLLoader::addMouseHandler(int pointerToMouseHandlerToAdd)
/home/achew22/Desktop/Now/CS480/unccs480-snippets/SDLLoader.cpp:331: Warning: The following parameters of SDLLoader::addMouseHandler(int pointerToMouseHandlerToAdd) are not documented:
  parameter pointerToMouseHandlerToAdd
/home/achew22/Desktop/Now/CS480/unccs480-snippets/SDLLoader.cpp:140: Warning: argument `glLightingStruct' of command @param is not found in the argument list of SDLLoader::enableLight(glLightingStruct *myLight)
/home/achew22/Desktop/Now/CS480/unccs480-snippets/SDLLoader.cpp:140: Warning: The following parameters of SDLLoader::enableLight(glLightingStruct *myLight) are not documented:
  parameter myLight
/home/achew22/Desktop/Now/CS480/unccs480-snippets/SDLLoader.cpp:301: Warning: argument `std' of command @param is not found in the argument list of SDLLoader::addGUI(std::string name, GUI *toAdd)
/home/achew22/Desktop/Now/CS480/unccs480-snippets/SDLLoader.cpp:301: Warning: argument `string' of command @param is not found in the argument list of SDLLoader::addGUI(std::string name, GUI *toAdd)
/home/achew22/Desktop/Now/CS480/unccs480-snippets/SDLLoader.cpp:301: Warning: argument `GUI' of command @param is not found in the argument list of SDLLoader::addGUI(std::string name, GUI *toAdd)
/home/achew22/Desktop/Now/CS480/unccs480-snippets/SDLLoader.cpp:301: Warning: The following parameters of SDLLoader::addGUI(std::string name, GUI *toAdd) are not documented:
  parameter name
  parameter toAdd
/home/achew22/Desktop/Now/CS480/unccs480-snippets/SDLLoader.cpp:312: Warning: argument `std' of command @param is not found in the argument list of SDLLoader::setActiveGUI(std::string name)
/home/achew22/Desktop/Now/CS480/unccs480-snippets/SDLLoader.cpp:312: Warning: argument `string' of command @param is not found in the argument list of SDLLoader::setActiveGUI(std::string name)
/home/achew22/Desktop/Now/CS480/unccs480-snippets/SDLLoader.cpp:312: Warning: The following parameters of SDLLoader::setActiveGUI(std::string name) are not documented:
  parameter name
